<?xml version="1.0" encoding="UTF-8"?>
<testng-results total="1" passed="1" failed="0" skipped="0">
  <reporter-output>
  </reporter-output>
  <suite started-at="2022-07-11T07:19:07Z" name="Default suite" finished-at="2022-07-11T07:19:39Z" duration-ms="32088">
    <groups>
    </groups>
    <test started-at="2022-07-11T07:19:07Z" name="Default test" finished-at="2022-07-11T07:19:39Z" duration-ms="32088">
      <class name="com.browserstack.run_first_test.FirstTest">
        <test-method is-config="true" signature="setUp()[pri:0, instance:com.browserstack.run_first_test.FirstTest@6fa51cd4]" started-at="2022-07-11T14:19:07Z" name="setUp" finished-at="2022-07-11T14:19:30Z" duration-ms="23437" status="PASS">
          <reporter-output>
          </reporter-output>
        </test-method> <!-- setUp -->
        <test-method signature="test()[pri:0, instance:com.browserstack.run_first_test.FirstTest@6fa51cd4]" started-at="2022-07-11T14:19:30Z" name="test" finished-at="2022-07-11T14:19:37Z" duration-ms="7125" status="PASS">
          <reporter-output>
          </reporter-output>
        </test-method> <!-- test -->
        <test-method is-config="true" signature="tearDown()[pri:0, instance:com.browserstack.run_first_test.FirstTest@6fa51cd4]" started-at="2022-07-11T14:19:37Z" name="tearDown" finished-at="2022-07-11T14:19:39Z" duration-ms="1516" status="PASS">
          <reporter-output>
          </reporter-output>
        </test-method> <!-- tearDown -->
      </class> <!-- com.browserstack.run_first_test.FirstTest -->
    </test> <!-- Default test -->
  </suite> <!-- Default suite -->
</testng-results>
